2025-06-14 22:30:33,142 - __main__ - INFO - Starting Deriv Synthetic Indices Signal Bot
2025-06-14 22:30:33,143 - __main__ - WARNING - Running in DEVELOPMENT MODE - simulated events will be generated
2025-06-14 22:30:36,430 - __main__ - INFO - Connected to Deriv WebSocket
2025-06-14 22:30:38,154 - __main__ - INFO - Telegram alert sent successfully
2025-06-14 22:30:38,163 - __main__ - ERROR - Error received: Symbol cr_30 invalid.
2025-06-14 22:30:40,213 - __main__ - ERROR - Error received: Symbol boom_30 invalid.
2025-06-14 22:31:41,409 - __main__ - INFO - Bot stopped by user
2025-06-14 22:31:42,865 - __main__ - INFO - Telegram alert sent successfully
2025-06-14 22:31:57,884 - __main__ - INFO - Starting Deriv Synthetic Indices Signal Bot
2025-06-14 22:31:57,884 - __main__ - WARNING - Running in DEVELOPMENT MODE - simulated events will be generated
2025-06-14 22:32:00,417 - __main__ - INFO - Connected to Deriv WebSocket
2025-06-14 22:32:01,524 - __main__ - INFO - Telegram alert sent successfully
2025-06-14 22:32:01,526 - __main__ - ERROR - Error received: Symbol cr_30 invalid.
2025-06-14 22:32:01,852 - __main__ - ERROR - Error received: Symbol boom_30 invalid.
2025-06-14 22:33:30,953 - __main__ - INFO - Bot stopped by user
2025-06-14 22:33:31,876 - __main__ - INFO - Telegram alert sent successfully
2025-06-14 22:33:39,424 - __main__ - INFO - Starting Deriv Synthetic Indices Signal Bot
2025-06-14 22:33:39,425 - __main__ - WARNING - Running in DEVELOPMENT MODE - simulated events will be generated
2025-06-14 22:33:40,792 - __main__ - INFO - Connected to Deriv WebSocket
2025-06-14 22:33:41,640 - __main__ - INFO - Telegram alert sent successfully
2025-06-14 22:33:41,788 - __main__ - INFO - New trading day detected: 2025-06-14
2025-06-14 22:33:41,789 - __main__ - INFO - Daily data reset complete
2025-06-14 22:33:41,790 - __main__ - ERROR - Error processing message: 'close'
2025-06-14 22:33:42,689 - __main__ - ERROR - Error processing message: 'close'
2025-06-14 22:33:42,691 - __main__ - ERROR - Error processing message: 'close'
2025-06-14 22:33:43,759 - __main__ - ERROR - Error processing message: 'close'
2025-06-14 22:33:43,761 - __main__ - ERROR - Error processing message: 'close'
2025-06-14 22:33:44,673 - __main__ - ERROR - Error processing message: 'close'
2025-06-14 22:33:44,675 - __main__ - ERROR - Error processing message: 'close'
2025-06-14 22:33:45,743 - __main__ - ERROR - Error processing message: 'close'
2025-06-14 22:33:48,545 - __main__ - ERROR - Error processing message: 'close'
2025-06-14 22:33:48,565 - __main__ - ERROR - Error processing message: 'close'
2025-06-14 22:33:48,566 - __main__ - ERROR - Error processing message: 'close'
2025-06-14 22:33:48,569 - __main__ - ERROR - Error processing message: 'close'
2025-06-14 22:33:48,572 - __main__ - ERROR - Error processing message: 'close'
2025-06-14 22:33:48,703 - __main__ - ERROR - Error processing message: 'close'
2025-06-14 22:33:48,704 - __main__ - ERROR - Error processing message: 'close'
2025-06-14 22:33:49,801 - __main__ - ERROR - Error processing message: 'close'
2025-06-14 22:33:49,801 - __main__ - ERROR - Error processing message: 'close'
2025-06-14 22:33:50,713 - __main__ - ERROR - Error processing message: 'close'
2025-06-14 22:33:50,714 - __main__ - ERROR - Error processing message: 'close'
2025-06-14 22:33:51,796 - __main__ - ERROR - Error processing message: 'close'
2025-06-14 22:33:51,796 - __main__ - ERROR - Error processing message: 'close'
2025-06-14 22:33:52,668 - __main__ - ERROR - Error processing message: 'close'
2025-06-14 22:33:52,670 - __main__ - ERROR - Error processing message: 'close'
2025-06-14 22:33:53,749 - __main__ - ERROR - Error processing message: 'close'
2025-06-14 22:33:53,751 - __main__ - ERROR - Error processing message: 'close'
2025-06-14 22:33:54,710 - __main__ - ERROR - Error processing message: 'close'
2025-06-14 22:33:54,711 - __main__ - ERROR - Error processing message: 'close'
2025-06-14 22:33:55,793 - __main__ - ERROR - Error processing message: 'close'
2025-06-14 22:33:55,795 - __main__ - ERROR - Error processing message: 'close'
2025-06-14 22:33:56,698 - __main__ - ERROR - Error processing message: 'close'
2025-06-14 22:33:56,699 - __main__ - ERROR - Error processing message: 'close'
2025-06-14 22:33:57,773 - __main__ - ERROR - Error processing message: 'close'
2025-06-14 22:33:57,775 - __main__ - ERROR - Error processing message: 'close'
2025-06-14 22:33:58,684 - __main__ - ERROR - Error processing message: 'close'
2025-06-14 22:33:58,687 - __main__ - ERROR - Error processing message: 'close'
2025-06-14 22:33:59,797 - __main__ - ERROR - Error processing message: 'close'
2025-06-14 22:33:59,799 - __main__ - ERROR - Error processing message: 'close'
2025-06-14 22:34:00,695 - __main__ - ERROR - Error processing message: 'close'
2025-06-14 22:34:00,696 - __main__ - ERROR - Error processing message: 'close'
2025-06-14 22:34:01,782 - __main__ - ERROR - Error processing message: 'close'
2025-06-14 22:34:01,783 - __main__ - ERROR - Error processing message: 'close'
2025-06-14 22:34:02,702 - __main__ - ERROR - Error processing message: 'close'
2025-06-14 22:34:02,702 - __main__ - ERROR - Error processing message: 'close'
2025-06-14 22:34:03,756 - __main__ - ERROR - Error processing message: 'close'
2025-06-14 22:34:03,756 - __main__ - ERROR - Error processing message: 'close'
2025-06-14 22:34:04,689 - __main__ - ERROR - Error processing message: 'close'
2025-06-14 22:34:04,690 - __main__ - ERROR - Error processing message: 'close'
2025-06-14 22:34:05,841 - __main__ - ERROR - Error processing message: 'close'
2025-06-14 22:34:05,843 - __main__ - ERROR - Error processing message: 'close'
2025-06-14 22:34:06,761 - __main__ - ERROR - Error processing message: 'close'
2025-06-14 22:34:06,761 - __main__ - ERROR - Error processing message: 'close'
2025-06-14 22:34:08,002 - __main__ - ERROR - Error processing message: 'close'
2025-06-14 22:34:08,005 - __main__ - ERROR - Error processing message: 'close'
2025-06-14 22:34:08,911 - __main__ - ERROR - Error processing message: 'close'
2025-06-14 22:34:08,912 - __main__ - ERROR - Error processing message: 'close'
2025-06-14 22:34:09,799 - __main__ - ERROR - Error processing message: 'close'
2025-06-14 22:34:09,801 - __main__ - ERROR - Error processing message: 'close'
2025-06-14 22:34:10,690 - __main__ - ERROR - Error processing message: 'close'
2025-06-14 22:34:10,691 - __main__ - ERROR - Error processing message: 'close'
2025-06-14 22:34:11,776 - __main__ - ERROR - Error processing message: 'close'
2025-06-14 22:34:11,778 - __main__ - ERROR - Error processing message: 'close'
2025-06-14 22:34:12,697 - __main__ - ERROR - Error processing message: 'close'
2025-06-14 22:34:12,698 - __main__ - ERROR - Error processing message: 'close'
2025-06-14 22:34:13,774 - __main__ - ERROR - Error processing message: 'close'
2025-06-14 22:34:13,775 - __main__ - ERROR - Error processing message: 'close'
2025-06-14 22:34:15,223 - __main__ - ERROR - Error processing message: 'close'
2025-06-14 22:34:15,225 - __main__ - ERROR - Error processing message: 'close'
2025-06-14 22:34:15,803 - __main__ - ERROR - Error processing message: 'close'
2025-06-14 22:34:15,806 - __main__ - ERROR - Error processing message: 'close'
2025-06-14 22:34:16,710 - __main__ - ERROR - Error processing message: 'close'
2025-06-14 22:34:16,712 - __main__ - ERROR - Error processing message: 'close'
2025-06-14 22:34:17,809 - __main__ - ERROR - Error processing message: 'close'
2025-06-14 22:34:17,811 - __main__ - ERROR - Error processing message: 'close'
2025-06-14 22:34:18,714 - __main__ - ERROR - Error processing message: 'close'
2025-06-14 22:34:18,715 - __main__ - ERROR - Error processing message: 'close'
2025-06-14 22:34:19,776 - __main__ - ERROR - Error processing message: 'close'
2025-06-14 22:34:19,778 - __main__ - ERROR - Error processing message: 'close'
2025-06-14 22:34:20,694 - __main__ - ERROR - Error processing message: 'close'
2025-06-14 22:34:20,696 - __main__ - ERROR - Error processing message: 'close'
2025-06-14 22:34:21,851 - __main__ - ERROR - Error processing message: 'close'
2025-06-14 22:34:21,852 - __main__ - ERROR - Error processing message: 'close'
2025-06-14 22:34:22,712 - __main__ - ERROR - Error processing message: 'close'
2025-06-14 22:34:22,726 - __main__ - ERROR - Error processing message: 'close'
2025-06-14 22:34:23,778 - __main__ - ERROR - Error processing message: 'close'
2025-06-14 22:34:23,778 - __main__ - ERROR - Error processing message: 'close'
2025-06-14 22:34:24,700 - __main__ - ERROR - Error processing message: 'close'
2025-06-14 22:34:24,701 - __main__ - ERROR - Error processing message: 'close'
2025-06-14 22:34:25,773 - __main__ - ERROR - Error processing message: 'close'
2025-06-14 22:34:25,774 - __main__ - ERROR - Error processing message: 'close'
2025-06-14 22:34:26,732 - __main__ - ERROR - Error processing message: 'close'
2025-06-14 22:34:26,734 - __main__ - ERROR - Error processing message: 'close'
2025-06-14 22:34:27,800 - __main__ - ERROR - Error processing message: 'close'
2025-06-14 22:34:27,800 - __main__ - ERROR - Error processing message: 'close'
2025-06-14 22:34:28,695 - __main__ - ERROR - Error processing message: 'close'
2025-06-14 22:34:28,698 - __main__ - ERROR - Error processing message: 'close'
2025-06-14 22:34:29,753 - __main__ - ERROR - Error processing message: 'close'
2025-06-14 22:34:29,754 - __main__ - ERROR - Error processing message: 'close'
2025-06-14 22:34:30,735 - __main__ - ERROR - Error processing message: 'close'
2025-06-14 22:34:30,736 - __main__ - ERROR - Error processing message: 'close'
2025-06-14 22:34:31,757 - __main__ - ERROR - Error processing message: 'close'
2025-06-14 22:34:31,758 - __main__ - ERROR - Error processing message: 'close'
2025-06-14 22:34:32,696 - __main__ - ERROR - Error processing message: 'close'
2025-06-14 22:34:32,698 - __main__ - ERROR - Error processing message: 'close'
2025-06-14 22:34:33,759 - __main__ - ERROR - Error processing message: 'close'
2025-06-14 22:34:33,759 - __main__ - ERROR - Error processing message: 'close'
2025-06-14 22:34:34,690 - __main__ - ERROR - Error processing message: 'close'
2025-06-14 22:34:34,691 - __main__ - ERROR - Error processing message: 'close'
2025-06-14 22:34:35,753 - __main__ - ERROR - Error processing message: 'close'
2025-06-14 22:34:35,756 - __main__ - ERROR - Error processing message: 'close'
2025-06-14 22:34:36,720 - __main__ - ERROR - Error processing message: 'close'
2025-06-14 22:34:36,724 - __main__ - ERROR - Error processing message: 'close'
2025-06-14 22:34:37,886 - __main__ - ERROR - Error processing message: 'close'
2025-06-14 22:34:37,888 - __main__ - ERROR - Error processing message: 'close'
2025-06-14 22:34:38,709 - __main__ - ERROR - Error processing message: 'close'
2025-06-14 22:34:38,713 - __main__ - ERROR - Error processing message: 'close'
2025-06-14 22:34:39,767 - __main__ - ERROR - Error processing message: 'close'
2025-06-14 22:34:39,768 - __main__ - ERROR - Error processing message: 'close'
2025-06-14 22:34:40,684 - __main__ - ERROR - Error processing message: 'close'
2025-06-14 22:34:40,684 - __main__ - ERROR - Error processing message: 'close'
2025-06-14 22:34:41,772 - __main__ - ERROR - Error processing message: 'close'
2025-06-14 22:34:41,772 - __main__ - ERROR - Error processing message: 'close'
2025-06-14 22:34:42,688 - __main__ - ERROR - Error processing message: 'close'
2025-06-14 22:34:42,709 - __main__ - ERROR - Error processing message: 'close'
2025-06-14 22:34:43,749 - __main__ - ERROR - Error processing message: 'close'
2025-06-14 22:34:43,750 - __main__ - ERROR - Error processing message: 'close'
2025-06-14 22:34:44,697 - __main__ - ERROR - Error processing message: 'close'
2025-06-14 22:34:44,699 - __main__ - ERROR - Error processing message: 'close'
2025-06-14 22:34:45,785 - __main__ - ERROR - Error processing message: 'close'
2025-06-14 22:34:45,787 - __main__ - ERROR - Error processing message: 'close'
2025-06-14 22:34:46,696 - __main__ - ERROR - Error processing message: 'close'
2025-06-14 22:34:46,697 - __main__ - ERROR - Error processing message: 'close'
2025-06-14 22:34:47,771 - __main__ - ERROR - Error processing message: 'close'
2025-06-14 22:34:47,772 - __main__ - ERROR - Error processing message: 'close'
2025-06-14 22:34:48,699 - __main__ - ERROR - Error processing message: 'close'
2025-06-14 22:34:48,700 - __main__ - ERROR - Error processing message: 'close'
2025-06-14 22:34:49,767 - __main__ - ERROR - Error processing message: 'close'
2025-06-14 22:34:49,768 - __main__ - ERROR - Error processing message: 'close'
2025-06-14 22:34:51,018 - __main__ - ERROR - Error processing message: 'close'
2025-06-14 22:34:51,019 - __main__ - ERROR - Error processing message: 'close'
2025-06-14 22:34:51,774 - __main__ - ERROR - Error processing message: 'close'
2025-06-14 22:34:51,774 - __main__ - ERROR - Error processing message: 'close'
2025-06-14 22:34:52,687 - __main__ - ERROR - Error processing message: 'close'
2025-06-14 22:34:52,688 - __main__ - ERROR - Error processing message: 'close'
2025-06-14 22:34:53,760 - __main__ - ERROR - Error processing message: 'close'
2025-06-14 22:34:53,761 - __main__ - ERROR - Error processing message: 'close'
2025-06-14 22:34:54,683 - __main__ - ERROR - Error processing message: 'close'
2025-06-14 22:34:54,687 - __main__ - ERROR - Error processing message: 'close'
2025-06-14 22:34:55,768 - __main__ - ERROR - Error processing message: 'close'
2025-06-14 22:34:55,770 - __main__ - ERROR - Error processing message: 'close'
2025-06-14 22:34:56,701 - __main__ - ERROR - Error processing message: 'close'
2025-06-14 22:34:56,702 - __main__ - ERROR - Error processing message: 'close'
2025-06-14 22:34:57,770 - __main__ - ERROR - Error processing message: 'close'
2025-06-14 22:34:57,771 - __main__ - ERROR - Error processing message: 'close'
2025-06-14 22:34:58,697 - __main__ - ERROR - Error processing message: 'close'
2025-06-14 22:34:58,748 - __main__ - ERROR - Error processing message: 'close'
2025-06-14 22:34:59,778 - __main__ - ERROR - Error processing message: 'close'
2025-06-14 22:34:59,786 - __main__ - ERROR - Error processing message: 'close'
2025-06-14 22:35:00,694 - __main__ - ERROR - Error processing message: 'close'
2025-06-14 22:35:00,726 - __main__ - ERROR - Error processing message: 'close'
2025-06-14 22:35:01,768 - __main__ - ERROR - Error processing message: 'close'
2025-06-14 22:35:01,770 - __main__ - ERROR - Error processing message: 'close'
2025-06-14 22:35:02,687 - __main__ - ERROR - Error processing message: 'close'
2025-06-14 22:35:02,688 - __main__ - ERROR - Error processing message: 'close'
2025-06-14 22:35:03,745 - __main__ - ERROR - Error processing message: 'close'
2025-06-14 22:35:03,746 - __main__ - ERROR - Error processing message: 'close'
2025-06-14 22:35:04,694 - __main__ - ERROR - Error processing message: 'close'
2025-06-14 22:35:04,699 - __main__ - ERROR - Error processing message: 'close'
2025-06-14 22:35:05,770 - __main__ - ERROR - Error processing message: 'close'
2025-06-14 22:35:05,771 - __main__ - ERROR - Error processing message: 'close'
2025-06-14 22:35:06,701 - __main__ - ERROR - Error processing message: 'close'
2025-06-14 22:35:06,704 - __main__ - ERROR - Error processing message: 'close'
2025-06-14 22:35:07,771 - __main__ - ERROR - Error processing message: 'close'
2025-06-14 22:35:07,823 - __main__ - ERROR - Error processing message: 'close'
2025-06-14 22:35:08,681 - __main__ - ERROR - Error processing message: 'close'
2025-06-14 22:35:08,681 - __main__ - ERROR - Error processing message: 'close'
2025-06-14 22:35:09,811 - __main__ - ERROR - Error processing message: 'close'
2025-06-14 22:35:09,833 - __main__ - ERROR - Error processing message: 'close'
2025-06-14 22:35:10,707 - __main__ - ERROR - Error processing message: 'close'
2025-06-14 22:35:10,767 - __main__ - ERROR - Error processing message: 'close'
2025-06-14 22:35:11,767 - __main__ - ERROR - Error processing message: 'close'
2025-06-14 22:35:11,805 - __main__ - ERROR - Error processing message: 'close'
2025-06-14 22:35:12,676 - __main__ - ERROR - Error processing message: 'close'
2025-06-14 22:35:12,677 - __main__ - ERROR - Error processing message: 'close'
2025-06-14 22:35:13,754 - __main__ - ERROR - Error processing message: 'close'
2025-06-14 22:35:13,755 - __main__ - ERROR - Error processing message: 'close'
2025-06-14 22:35:14,676 - __main__ - ERROR - Error processing message: 'close'
2025-06-14 22:35:14,677 - __main__ - ERROR - Error processing message: 'close'
2025-06-14 22:35:15,747 - __main__ - ERROR - Error processing message: 'close'
2025-06-14 22:35:15,748 - __main__ - ERROR - Error processing message: 'close'
2025-06-14 22:35:16,676 - __main__ - ERROR - Error processing message: 'close'
2025-06-14 22:35:16,677 - __main__ - ERROR - Error processing message: 'close'
2025-06-14 22:35:17,757 - __main__ - ERROR - Error processing message: 'close'
2025-06-14 22:35:17,758 - __main__ - ERROR - Error processing message: 'close'
2025-06-14 22:35:18,698 - __main__ - ERROR - Error processing message: 'close'
2025-06-14 22:35:18,699 - __main__ - ERROR - Error processing message: 'close'
2025-06-14 22:35:19,753 - __main__ - ERROR - Error processing message: 'close'
2025-06-14 22:35:19,754 - __main__ - ERROR - Error processing message: 'close'
2025-06-14 22:35:20,680 - __main__ - ERROR - Error processing message: 'close'
2025-06-14 22:35:20,680 - __main__ - ERROR - Error processing message: 'close'
2025-06-14 22:35:21,769 - __main__ - ERROR - Error processing message: 'close'
2025-06-14 22:35:21,770 - __main__ - ERROR - Error processing message: 'close'
2025-06-14 22:35:22,691 - __main__ - ERROR - Error processing message: 'close'
2025-06-14 22:35:22,692 - __main__ - ERROR - Error processing message: 'close'
2025-06-14 22:35:23,759 - __main__ - ERROR - Error processing message: 'close'
2025-06-14 22:35:23,760 - __main__ - ERROR - Error processing message: 'close'
2025-06-14 22:35:24,703 - __main__ - ERROR - Error processing message: 'close'
2025-06-14 22:35:24,704 - __main__ - ERROR - Error processing message: 'close'
2025-06-14 22:35:25,792 - __main__ - INFO - Bot stopped by user
2025-06-14 22:35:26,712 - __main__ - INFO - Telegram alert sent successfully
2025-06-14 22:36:04,215 - __main__ - INFO - Starting Deriv Synthetic Indices Signal Bot
2025-06-14 22:36:04,215 - __main__ - WARNING - Running in DEVELOPMENT MODE - simulated events will be generated
2025-06-14 22:36:05,977 - __main__ - INFO - Connected to Deriv WebSocket
2025-06-14 22:36:08,337 - __main__ - INFO - Telegram alert sent successfully
2025-06-14 22:36:08,339 - __main__ - INFO - New trading day detected: 2025-06-14
2025-06-14 22:36:08,340 - __main__ - INFO - Daily data reset complete
2025-06-14 22:36:08,341 - __main__ - ERROR - Error processing message: 'close'
2025-06-14 22:36:08,342 - __main__ - ERROR - Error processing message: 'close'
2025-06-14 22:36:08,707 - __main__ - ERROR - Error processing message: 'close'
2025-06-14 22:36:10,362 - __main__ - ERROR - Error processing message: 'close'
2025-06-14 22:36:10,364 - __main__ - ERROR - Error processing message: 'close'
2025-06-14 22:36:10,662 - __main__ - ERROR - Error processing message: 'close'
2025-06-14 22:36:10,663 - __main__ - ERROR - Error processing message: 'close'
2025-06-14 22:36:12,201 - __main__ - INFO - Bot stopped by user
2025-06-14 22:36:14,806 - __main__ - INFO - Telegram alert sent successfully
2025-06-14 22:48:46,353 - __main__ - INFO - Starting Deriv Bot
2025-06-14 22:48:46,354 - __main__ - WARNING - Running in DEV mode with simulated data
2025-06-14 22:48:48,562 - __main__ - INFO - WebSocket connected
2025-06-14 22:48:49,753 - __main__ - INFO - Telegram alert sent
2025-06-14 22:48:50,698 - __main__ - INFO - New trading day: 2025-06-14
2025-06-14 22:48:50,699 - __main__ - INFO - Reset daily data
2025-06-14 22:48:50,705 - __main__ - INFO - First candle for CRASH: 539.37
2025-06-14 22:48:50,708 - __main__ - INFO - First candle for BOOM: 473.74
2025-06-14 22:48:51,761 - __main__ - INFO - Telegram alert sent
2025-06-14 22:48:53,062 - __main__ - INFO - Telegram alert sent
2025-06-14 22:53:09,250 - __main__ - INFO - Bot stopped by user
2025-06-14 22:53:10,063 - __main__ - INFO - Telegram alert sent
